2020-01-20 16:00:15,513 INFO o.a.j.u.JMeterUtils: Setting Locale to en_EN
2020-01-20 16:00:15,543 INFO o.a.j.JMeter: Loading user properties from: /usr/local/Cellar/jmeter/5.2.1/libexec/bin/user.properties
2020-01-20 16:00:15,544 INFO o.a.j.JMeter: Loading system properties from: /usr/local/Cellar/jmeter/5.2.1/libexec/bin/system.properties
2020-01-20 16:00:15,546 INFO o.a.j.JMeter: Copyright (c) 1998-2019 The Apache Software Foundation
2020-01-20 16:00:15,546 INFO o.a.j.JMeter: Version 5.2.1
2020-01-20 16:00:15,546 INFO o.a.j.JMeter: java.version=1.8.0_232
2020-01-20 16:00:15,546 INFO o.a.j.JMeter: java.vm.name=OpenJDK 64-Bit Server VM
2020-01-20 16:00:15,546 INFO o.a.j.JMeter: os.name=Mac OS X
2020-01-20 16:00:15,546 INFO o.a.j.JMeter: os.arch=x86_64
2020-01-20 16:00:15,546 INFO o.a.j.JMeter: os.version=10.15.1
2020-01-20 16:00:15,546 INFO o.a.j.JMeter: file.encoding=UTF-8
2020-01-20 16:00:15,546 INFO o.a.j.JMeter: java.awt.headless=null
2020-01-20 16:00:15,546 INFO o.a.j.JMeter: Max memory     =1073741824
2020-01-20 16:00:15,546 INFO o.a.j.JMeter: Available Processors =12
2020-01-20 16:00:15,552 INFO o.a.j.JMeter: Default Locale=English (EN)
2020-01-20 16:00:15,552 INFO o.a.j.JMeter: JMeter  Locale=English (EN)
2020-01-20 16:00:15,552 INFO o.a.j.JMeter: JMeterHome=/usr/local/Cellar/jmeter/5.2.1/libexec
2020-01-20 16:00:15,552 INFO o.a.j.JMeter: user.dir  =/Users/tristanokeefe/Chaos/openshift
2020-01-20 16:00:15,552 INFO o.a.j.JMeter: PWD       =/Users/tristanokeefe/Chaos/openshift
2020-01-20 16:00:15,553 INFO o.a.j.JMeter: IP: 9.183.88.164 Name: tristans-mbp.sbank.uk.ibm.com FullName: tristans-mbp.sbank.uk.ibm.com
2020-01-20 16:00:17,193 INFO o.a.j.g.a.LookAndFeelCommand: Installing Darcula LAF
2020-01-20 16:00:17,209 INFO o.a.j.g.a.LookAndFeelCommand: Using look and feel: com.bulenkov.darcula.DarculaLaf [Darcula]
2020-01-20 16:00:17,209 INFO o.a.j.JMeter: Setting LAF to: com.bulenkov.darcula.DarculaLaf
2020-01-20 16:00:17,278 INFO o.a.j.JMeter: Loaded icon properties from org/apache/jmeter/images/icon.properties
2020-01-20 16:00:18,952 INFO k.a.j.JMeterPluginsUtils: JMeter-Plugins.org v.1.4.0
2020-01-20 16:00:19,392 WARN o.a.j.g.u.MenuFactory: Could not instantiate class: kg.apc.jmeter.reporters.LoadosophiaUploaderGui
java.lang.reflect.InvocationTargetException: null
	at sun.reflect.NativeConstructorAccessorImpl.newInstance0(Native Method) ~[?:1.8.0_232]
	at sun.reflect.NativeConstructorAccessorImpl.newInstance(NativeConstructorAccessorImpl.java:62) ~[?:1.8.0_232]
	at sun.reflect.DelegatingConstructorAccessorImpl.newInstance(DelegatingConstructorAccessorImpl.java:45) ~[?:1.8.0_232]
	at java.lang.reflect.Constructor.newInstance(Constructor.java:423) ~[?:1.8.0_232]
	at org.apache.jmeter.gui.util.MenuFactory.getGUIComponent(MenuFactory.java:174) ~[ApacheJMeter_core.jar:5.2.1]
	at org.apache.jmeter.gui.util.MenuFactory.initializeMenus(MenuFactory.java:141) ~[ApacheJMeter_core.jar:5.2.1]
	at org.apache.jmeter.gui.util.MenuFactory.<clinit>(MenuFactory.java:106) ~[ApacheJMeter_core.jar:5.2.1]
	at org.apache.jmeter.control.gui.TestPlanGui.createPopupMenu(TestPlanGui.java:92) ~[ApacheJMeter_core.jar:5.2.1]
	at org.apache.jmeter.gui.tree.JMeterTreeNode.createPopupMenu(JMeterTreeNode.java:185) ~[ApacheJMeter_core.jar:5.2.1]
	at org.apache.jmeter.gui.action.EditCommand.doAction(EditCommand.java:46) ~[ApacheJMeter_core.jar:5.2.1]
	at org.apache.jmeter.gui.action.ActionRouter.performAction(ActionRouter.java:88) ~[ApacheJMeter_core.jar:5.2.1]
	at org.apache.jmeter.gui.action.ActionRouter.lambda$actionPerformed$0(ActionRouter.java:70) ~[ApacheJMeter_core.jar:5.2.1]
	at java.awt.event.InvocationEvent.dispatch(InvocationEvent.java:311) [?:1.8.0_232]
	at java.awt.EventQueue.dispatchEventImpl(EventQueue.java:758) [?:1.8.0_232]
	at java.awt.EventQueue.access$500(EventQueue.java:97) [?:1.8.0_232]
	at java.awt.EventQueue$3.run(EventQueue.java:709) [?:1.8.0_232]
	at java.awt.EventQueue$3.run(EventQueue.java:703) [?:1.8.0_232]
	at java.security.AccessController.doPrivileged(Native Method) ~[?:1.8.0_232]
	at java.security.ProtectionDomain$JavaSecurityAccessImpl.doIntersectionPrivilege(ProtectionDomain.java:74) [?:1.8.0_232]
	at java.awt.EventQueue.dispatchEvent(EventQueue.java:728) [?:1.8.0_232]
	at java.awt.EventDispatchThread.pumpOneEventForFilters(EventDispatchThread.java:205) [?:1.8.0_232]
	at java.awt.EventDispatchThread.pumpEventsForFilter(EventDispatchThread.java:116) [?:1.8.0_232]
	at java.awt.EventDispatchThread.pumpEventsForHierarchy(EventDispatchThread.java:105) [?:1.8.0_232]
	at java.awt.EventDispatchThread.pumpEvents(EventDispatchThread.java:101) [?:1.8.0_232]
	at java.awt.EventDispatchThread.pumpEvents(EventDispatchThread.java:93) [?:1.8.0_232]
	at java.awt.EventDispatchThread.run(EventDispatchThread.java:82) [?:1.8.0_232]
Caused by: java.lang.NoClassDefFoundError: org/apache/commons/httpclient/methods/multipart/PartSource
	at kg.apc.jmeter.reporters.LoadosophiaUploaderGui.init(LoadosophiaUploaderGui.java:114) ~[JMeterPlugins-Standard.jar:?]
	at kg.apc.jmeter.reporters.LoadosophiaUploaderGui.<init>(LoadosophiaUploaderGui.java:28) ~[JMeterPlugins-Standard.jar:?]
	... 26 more
Caused by: java.lang.ClassNotFoundException: org.apache.commons.httpclient.methods.multipart.PartSource
	at java.net.URLClassLoader.findClass(URLClassLoader.java:382) ~[?:1.8.0_232]
	at java.lang.ClassLoader.loadClass(ClassLoader.java:418) ~[?:1.8.0_232]
	at java.lang.ClassLoader.loadClass(ClassLoader.java:351) ~[?:1.8.0_232]
	at kg.apc.jmeter.reporters.LoadosophiaUploaderGui.init(LoadosophiaUploaderGui.java:114) ~[JMeterPlugins-Standard.jar:?]
	at kg.apc.jmeter.reporters.LoadosophiaUploaderGui.<init>(LoadosophiaUploaderGui.java:28) ~[JMeterPlugins-Standard.jar:?]
	... 26 more
2020-01-20 16:00:20,100 INFO o.a.j.p.h.s.HTTPSamplerBase: Parser for text/html is org.apache.jmeter.protocol.http.parser.LagartoBasedHtmlParser
2020-01-20 16:00:20,100 INFO o.a.j.p.h.s.HTTPSamplerBase: Parser for application/xhtml+xml is org.apache.jmeter.protocol.http.parser.LagartoBasedHtmlParser
2020-01-20 16:00:20,100 INFO o.a.j.p.h.s.HTTPSamplerBase: Parser for application/xml is org.apache.jmeter.protocol.http.parser.LagartoBasedHtmlParser
2020-01-20 16:00:20,100 INFO o.a.j.p.h.s.HTTPSamplerBase: Parser for text/xml is org.apache.jmeter.protocol.http.parser.LagartoBasedHtmlParser
2020-01-20 16:00:20,100 INFO o.a.j.p.h.s.HTTPSamplerBase: Parser for text/vnd.wap.wml is org.apache.jmeter.protocol.http.parser.RegexpHTMLParser
2020-01-20 16:00:20,100 INFO o.a.j.p.h.s.HTTPSamplerBase: Parser for text/css is org.apache.jmeter.protocol.http.parser.CssParser
2020-01-20 16:00:20,402 INFO o.a.j.e.KeyToolUtils: keytool found at 'keytool'
2020-01-20 16:00:20,402 INFO o.a.j.p.h.p.ProxyControl: HTTP(S) Test Script Recorder SSL Proxy will use keys that support embedded 3rd party resources in file /usr/local/Cellar/jmeter/5.2.1/libexec/bin/proxyserver.jks
2020-01-20 16:00:20,578 INFO o.a.j.s.FileServer: Default base='/Users/tristanokeefe/Chaos/openshift'
2020-01-20 16:00:20,907 INFO o.a.j.s.SampleResult: Note: Sample TimeStamps are START times
2020-01-20 16:00:20,907 INFO o.a.j.s.SampleResult: sampleresult.default.encoding is set to ISO-8859-1
2020-01-20 16:00:20,907 INFO o.a.j.s.SampleResult: sampleresult.useNanoTime=true
2020-01-20 16:00:20,907 INFO o.a.j.s.SampleResult: sampleresult.nanoThreadSleep=5000
2020-01-20 16:00:20,937 INFO o.a.j.v.ViewResultsFullVisualizer: Add JavaFX to your Java installation if you want to use renderer: org.apache.jmeter.visualizers.RenderInBrowser
2020-01-20 16:00:26,124 INFO o.a.j.g.a.Load: Loading file: /Users/tristanokeefe/Chaos/openshift/GraphResults.jmx
2020-01-20 16:00:26,125 INFO o.a.j.s.FileServer: Set new base='/Users/tristanokeefe/Chaos/openshift'
2020-01-20 16:00:26,248 INFO o.a.j.s.SaveService: Testplan (JMX) version: 2.2. Testlog (JTL) version: 2.2
2020-01-20 16:00:26,256 INFO o.a.j.s.SaveService: Using SaveService properties file encoding UTF-8
2020-01-20 16:00:26,258 INFO o.a.j.s.SaveService: Using SaveService properties version 5.0
2020-01-20 16:00:26,260 INFO o.a.j.s.SaveService: Loading file: /Users/tristanokeefe/Chaos/openshift/GraphResults.jmx
2020-01-20 16:00:26,353 INFO o.a.j.s.FileServer: Set new base='/Users/tristanokeefe/Chaos/openshift'
2020-01-20 16:01:38,416 INFO o.a.j.e.StandardJMeterEngine: Running the test!
2020-01-20 16:01:38,417 INFO o.a.j.s.SampleEvent: List of sample_variables: []
2020-01-20 16:01:38,417 INFO o.a.j.s.SampleEvent: List of sample_variables: []
2020-01-20 16:01:38,419 INFO o.a.j.e.u.CompoundVariable: Note: Function class names must contain the string: '.functions.'
2020-01-20 16:01:38,419 INFO o.a.j.e.u.CompoundVariable: Note: Function class names must not contain the string: '.gui.'
2020-01-20 16:01:38,738 INFO o.a.j.v.b.BackendListener: Backend Listener: Starting worker with class: class org.apache.jmeter.visualizers.backend.influxdb.InfluxdbBackendListenerClient and queue capacity: 5000
2020-01-20 16:01:38,739 INFO o.a.j.v.b.BackendListener: Backend Listener: Started  worker with class: class org.apache.jmeter.visualizers.backend.influxdb.InfluxdbBackendListenerClient
2020-01-20 16:01:38,961 INFO o.a.j.g.u.JMeterMenuBar: setRunning(true, *local*)
2020-01-20 16:01:39,107 INFO o.a.j.e.StandardJMeterEngine: Starting ThreadGroup: 1 : Thread Group
2020-01-20 16:01:39,107 INFO o.a.j.e.StandardJMeterEngine: Starting 100 threads for group Thread Group.
2020-01-20 16:01:39,107 INFO o.a.j.e.StandardJMeterEngine: Thread will continue on error
2020-01-20 16:01:39,107 INFO o.a.j.t.ThreadGroup: Starting thread group... number=1 threads=100 ramp-up=10 delayedStart=false
2020-01-20 16:01:39,117 INFO o.a.j.t.JMeterThread: Thread started: Thread Group 1-1
2020-01-20 16:01:39,140 INFO o.a.j.p.h.s.HTTPHCAbstractImpl: Local host = tristans-mbp.sbank.uk.ibm.com
2020-01-20 16:01:39,148 INFO o.a.j.t.ThreadGroup: Started thread group number 1
2020-01-20 16:01:39,148 INFO o.a.j.e.StandardJMeterEngine: All thread groups have been started
2020-01-20 16:01:39,151 INFO o.a.j.p.h.s.HTTPHC4Impl: HTTP request retry count = 0
2020-01-20 16:01:39,160 ERROR o.a.j.v.b.i.HttpMetricsSender: failed to send data to influxDB server.
java.net.UnknownHostException: jmeter-influxdb: nodename nor servname provided, or not known
	at java.net.Inet6AddressImpl.lookupAllHostAddr(Native Method) ~[?:1.8.0_232]
	at java.net.InetAddress$2.lookupAllHostAddr(InetAddress.java:929) ~[?:1.8.0_232]
	at java.net.InetAddress.getAddressesFromNameService(InetAddress.java:1324) ~[?:1.8.0_232]
	at java.net.InetAddress.getAllByName0(InetAddress.java:1277) ~[?:1.8.0_232]
	at java.net.InetAddress.getAllByName(InetAddress.java:1193) ~[?:1.8.0_232]
	at java.net.InetAddress.getAllByName(InetAddress.java:1127) ~[?:1.8.0_232]
	at org.apache.http.impl.conn.SystemDefaultDnsResolver.resolve(SystemDefaultDnsResolver.java:45) ~[httpclient-4.5.10.jar:4.5.10]
	at org.apache.http.impl.nio.conn.PoolingNHttpClientConnectionManager$InternalAddressResolver.resolveRemoteAddress(PoolingNHttpClientConnectionManager.java:664) ~[httpasyncclient-4.1.4.jar:4.1.4]
	at org.apache.http.impl.nio.conn.PoolingNHttpClientConnectionManager$InternalAddressResolver.resolveRemoteAddress(PoolingNHttpClientConnectionManager.java:635) ~[httpasyncclient-4.1.4.jar:4.1.4]
	at org.apache.http.nio.pool.AbstractNIOConnPool.processPendingRequest(AbstractNIOConnPool.java:474) [httpcore-nio-4.4.12.jar:4.4.12]
	at org.apache.http.nio.pool.AbstractNIOConnPool.lease(AbstractNIOConnPool.java:280) [httpcore-nio-4.4.12.jar:4.4.12]
	at org.apache.http.impl.nio.conn.PoolingNHttpClientConnectionManager.requestConnection(PoolingNHttpClientConnectionManager.java:295) [httpasyncclient-4.1.4.jar:4.1.4]
	at org.apache.http.impl.nio.client.AbstractClientExchangeHandler.requestConnection(AbstractClientExchangeHandler.java:377) [httpasyncclient-4.1.4.jar:4.1.4]
	at org.apache.http.impl.nio.client.DefaultClientExchangeHandlerImpl.start(DefaultClientExchangeHandlerImpl.java:129) [httpasyncclient-4.1.4.jar:4.1.4]
	at org.apache.http.impl.nio.client.InternalHttpAsyncClient.execute(InternalHttpAsyncClient.java:141) [httpasyncclient-4.1.4.jar:4.1.4]
	at org.apache.http.impl.nio.client.CloseableHttpAsyncClient.execute(CloseableHttpAsyncClient.java:75) [httpasyncclient-4.1.4.jar:4.1.4]
	at org.apache.http.impl.nio.client.CloseableHttpAsyncClient.execute(CloseableHttpAsyncClient.java:108) [httpasyncclient-4.1.4.jar:4.1.4]
	at org.apache.http.impl.nio.client.CloseableHttpAsyncClient.execute(CloseableHttpAsyncClient.java:92) [httpasyncclient-4.1.4.jar:4.1.4]
	at org.apache.jmeter.visualizers.backend.influxdb.HttpMetricsSender.writeAndSendMetrics(HttpMetricsSender.java:191) [ApacheJMeter_components.jar:5.2.1]
	at org.apache.jmeter.visualizers.backend.influxdb.HttpMetricsSender.writeAndSendMetrics(HttpMetricsSender.java:169) [ApacheJMeter_components.jar:5.2.1]
	at org.apache.jmeter.visualizers.backend.influxdb.InfluxdbBackendListenerClient.sendMetrics(InfluxdbBackendListenerClient.java:169) [ApacheJMeter_components.jar:5.2.1]
	at org.apache.jmeter.visualizers.backend.influxdb.InfluxdbBackendListenerClient.run(InfluxdbBackendListenerClient.java:136) [ApacheJMeter_components.jar:5.2.1]
	at java.util.concurrent.Executors$RunnableAdapter.call(Executors.java:511) [?:1.8.0_232]
	at java.util.concurrent.FutureTask.runAndReset(FutureTask.java:308) [?:1.8.0_232]
	at java.util.concurrent.ScheduledThreadPoolExecutor$ScheduledFutureTask.access$301(ScheduledThreadPoolExecutor.java:180) [?:1.8.0_232]
	at java.util.concurrent.ScheduledThreadPoolExecutor$ScheduledFutureTask.run(ScheduledThreadPoolExecutor.java:294) [?:1.8.0_232]
	at java.util.concurrent.ThreadPoolExecutor.runWorker(ThreadPoolExecutor.java:1149) [?:1.8.0_232]
	at java.util.concurrent.ThreadPoolExecutor$Worker.run(ThreadPoolExecutor.java:624) [?:1.8.0_232]
	at java.lang.Thread.run(Thread.java:748) [?:1.8.0_232]
2020-01-20 16:01:39,212 INFO o.a.j.t.JMeterThread: Thread started: Thread Group 1-2
2020-01-20 16:01:39,311 INFO o.a.j.t.JMeterThread: Thread started: Thread Group 1-3
2020-01-20 16:01:39,416 INFO o.a.j.t.JMeterThread: Thread started: Thread Group 1-4
2020-01-20 16:01:39,491 INFO o.a.j.t.JMeterThread: Thread is done: Thread Group 1-1
2020-01-20 16:01:39,491 INFO o.a.j.t.JMeterThread: Thread finished: Thread Group 1-1
2020-01-20 16:01:39,502 INFO o.a.j.t.JMeterThread: Thread is done: Thread Group 1-2
2020-01-20 16:01:39,502 INFO o.a.j.t.JMeterThread: Thread finished: Thread Group 1-2
2020-01-20 16:01:39,509 INFO o.a.j.t.JMeterThread: Thread started: Thread Group 1-5
2020-01-20 16:01:39,597 INFO o.a.j.t.JMeterThread: Thread is done: Thread Group 1-4
2020-01-20 16:01:39,597 INFO o.a.j.t.JMeterThread: Thread finished: Thread Group 1-4
2020-01-20 16:01:39,612 INFO o.a.j.t.JMeterThread: Thread started: Thread Group 1-6
2020-01-20 16:01:39,708 INFO o.a.j.t.JMeterThread: Thread started: Thread Group 1-7
2020-01-20 16:01:39,717 INFO o.a.j.t.JMeterThread: Thread is done: Thread Group 1-5
2020-01-20 16:01:39,717 INFO o.a.j.t.JMeterThread: Thread finished: Thread Group 1-5
2020-01-20 16:01:39,789 INFO o.a.j.t.JMeterThread: Thread is done: Thread Group 1-6
2020-01-20 16:01:39,789 INFO o.a.j.t.JMeterThread: Thread finished: Thread Group 1-6
2020-01-20 16:01:39,810 INFO o.a.j.t.JMeterThread: Thread started: Thread Group 1-8
2020-01-20 16:01:39,813 INFO o.a.j.t.JMeterThread: Thread is done: Thread Group 1-3
2020-01-20 16:01:39,813 INFO o.a.j.t.JMeterThread: Thread finished: Thread Group 1-3
2020-01-20 16:01:39,910 INFO o.a.j.t.JMeterThread: Thread is done: Thread Group 1-7
2020-01-20 16:01:39,910 INFO o.a.j.t.JMeterThread: Thread finished: Thread Group 1-7
2020-01-20 16:01:39,912 INFO o.a.j.t.JMeterThread: Thread started: Thread Group 1-9
2020-01-20 16:01:40,004 INFO o.a.j.t.JMeterThread: Thread is done: Thread Group 1-8
2020-01-20 16:01:40,004 INFO o.a.j.t.JMeterThread: Thread finished: Thread Group 1-8
2020-01-20 16:01:40,011 INFO o.a.j.t.JMeterThread: Thread started: Thread Group 1-10
2020-01-20 16:01:40,092 INFO o.a.j.t.JMeterThread: Thread is done: Thread Group 1-9
2020-01-20 16:01:40,092 INFO o.a.j.t.JMeterThread: Thread finished: Thread Group 1-9
2020-01-20 16:01:40,110 INFO o.a.j.t.JMeterThread: Thread started: Thread Group 1-11
2020-01-20 16:01:40,179 INFO o.a.j.t.JMeterThread: Thread is done: Thread Group 1-10
2020-01-20 16:01:40,179 INFO o.a.j.t.JMeterThread: Thread finished: Thread Group 1-10
2020-01-20 16:01:40,211 INFO o.a.j.t.JMeterThread: Thread started: Thread Group 1-12
2020-01-20 16:01:40,287 INFO o.a.j.t.JMeterThread: Thread is done: Thread Group 1-11
2020-01-20 16:01:40,287 INFO o.a.j.t.JMeterThread: Thread finished: Thread Group 1-11
2020-01-20 16:01:40,312 INFO o.a.j.t.JMeterThread: Thread started: Thread Group 1-13
2020-01-20 16:01:40,406 INFO o.a.j.t.JMeterThread: Thread is done: Thread Group 1-12
2020-01-20 16:01:40,406 INFO o.a.j.t.JMeterThread: Thread finished: Thread Group 1-12
2020-01-20 16:01:40,409 INFO o.a.j.t.JMeterThread: Thread started: Thread Group 1-14
2020-01-20 16:01:40,493 INFO o.a.j.t.JMeterThread: Thread is done: Thread Group 1-13
2020-01-20 16:01:40,493 INFO o.a.j.t.JMeterThread: Thread finished: Thread Group 1-13
2020-01-20 16:01:40,513 INFO o.a.j.t.JMeterThread: Thread started: Thread Group 1-15
2020-01-20 16:01:40,612 INFO o.a.j.t.JMeterThread: Thread started: Thread Group 1-16
2020-01-20 16:01:40,655 INFO o.a.j.t.JMeterThread: Thread is done: Thread Group 1-14
2020-01-20 16:01:40,655 INFO o.a.j.t.JMeterThread: Thread finished: Thread Group 1-14
2020-01-20 16:01:40,713 INFO o.a.j.t.JMeterThread: Thread started: Thread Group 1-17
2020-01-20 16:01:40,783 INFO o.a.j.t.JMeterThread: Thread is done: Thread Group 1-15
2020-01-20 16:01:40,783 INFO o.a.j.t.JMeterThread: Thread finished: Thread Group 1-15
2020-01-20 16:01:40,808 INFO o.a.j.t.JMeterThread: Thread started: Thread Group 1-18
2020-01-20 16:01:40,828 INFO o.a.j.t.JMeterThread: Thread is done: Thread Group 1-16
2020-01-20 16:01:40,828 INFO o.a.j.t.JMeterThread: Thread finished: Thread Group 1-16
2020-01-20 16:01:40,905 INFO o.a.j.t.JMeterThread: Thread is done: Thread Group 1-17
2020-01-20 16:01:40,905 INFO o.a.j.t.JMeterThread: Thread finished: Thread Group 1-17
2020-01-20 16:01:40,908 INFO o.a.j.t.JMeterThread: Thread started: Thread Group 1-19
2020-01-20 16:01:41,012 INFO o.a.j.t.JMeterThread: Thread started: Thread Group 1-20
2020-01-20 16:01:41,042 INFO o.a.j.t.JMeterThread: Thread is done: Thread Group 1-18
2020-01-20 16:01:41,043 INFO o.a.j.t.JMeterThread: Thread finished: Thread Group 1-18
2020-01-20 16:01:41,110 INFO o.a.j.t.JMeterThread: Thread started: Thread Group 1-21
2020-01-20 16:01:41,165 INFO o.a.j.t.JMeterThread: Thread is done: Thread Group 1-19
2020-01-20 16:01:41,165 INFO o.a.j.t.JMeterThread: Thread finished: Thread Group 1-19
2020-01-20 16:01:41,189 INFO o.a.j.t.JMeterThread: Thread is done: Thread Group 1-20
2020-01-20 16:01:41,189 INFO o.a.j.t.JMeterThread: Thread finished: Thread Group 1-20
2020-01-20 16:01:41,212 INFO o.a.j.t.JMeterThread: Thread started: Thread Group 1-22
2020-01-20 16:01:41,293 INFO o.a.j.t.JMeterThread: Thread is done: Thread Group 1-21
2020-01-20 16:01:41,293 INFO o.a.j.t.JMeterThread: Thread finished: Thread Group 1-21
2020-01-20 16:01:41,312 INFO o.a.j.t.JMeterThread: Thread started: Thread Group 1-23
2020-01-20 16:01:41,412 INFO o.a.j.t.JMeterThread: Thread started: Thread Group 1-24
2020-01-20 16:01:41,417 INFO o.a.j.t.JMeterThread: Thread is done: Thread Group 1-22
2020-01-20 16:01:41,417 INFO o.a.j.t.JMeterThread: Thread finished: Thread Group 1-22
2020-01-20 16:01:41,494 INFO o.a.j.t.JMeterThread: Thread is done: Thread Group 1-23
2020-01-20 16:01:41,494 INFO o.a.j.t.JMeterThread: Thread finished: Thread Group 1-23
2020-01-20 16:01:41,508 INFO o.a.j.t.JMeterThread: Thread started: Thread Group 1-25
2020-01-20 16:01:41,594 INFO o.a.j.t.JMeterThread: Thread is done: Thread Group 1-24
2020-01-20 16:01:41,594 INFO o.a.j.t.JMeterThread: Thread finished: Thread Group 1-24
2020-01-20 16:01:41,612 INFO o.a.j.t.JMeterThread: Thread started: Thread Group 1-26
2020-01-20 16:01:41,705 INFO o.a.j.t.JMeterThread: Thread is done: Thread Group 1-25
2020-01-20 16:01:41,705 INFO o.a.j.t.JMeterThread: Thread finished: Thread Group 1-25
2020-01-20 16:01:41,708 INFO o.a.j.t.JMeterThread: Thread started: Thread Group 1-27
2020-01-20 16:01:41,812 INFO o.a.j.t.JMeterThread: Thread started: Thread Group 1-28
2020-01-20 16:01:41,835 INFO o.a.j.t.JMeterThread: Thread is done: Thread Group 1-26
2020-01-20 16:01:41,835 INFO o.a.j.t.JMeterThread: Thread finished: Thread Group 1-26
2020-01-20 16:01:41,909 INFO o.a.j.t.JMeterThread: Thread started: Thread Group 1-29
2020-01-20 16:01:41,923 INFO o.a.j.t.JMeterThread: Thread is done: Thread Group 1-27
2020-01-20 16:01:41,923 INFO o.a.j.t.JMeterThread: Thread finished: Thread Group 1-27
2020-01-20 16:01:42,007 INFO o.a.j.t.JMeterThread: Thread is done: Thread Group 1-28
2020-01-20 16:01:42,008 INFO o.a.j.t.JMeterThread: Thread finished: Thread Group 1-28
2020-01-20 16:01:42,008 INFO o.a.j.t.JMeterThread: Thread started: Thread Group 1-30
2020-01-20 16:01:42,077 INFO o.a.j.t.JMeterThread: Thread is done: Thread Group 1-29
2020-01-20 16:01:42,077 INFO o.a.j.t.JMeterThread: Thread finished: Thread Group 1-29
2020-01-20 16:01:42,112 INFO o.a.j.t.JMeterThread: Thread started: Thread Group 1-31
2020-01-20 16:01:42,187 INFO o.a.j.t.JMeterThread: Thread is done: Thread Group 1-30
2020-01-20 16:01:42,187 INFO o.a.j.t.JMeterThread: Thread finished: Thread Group 1-30
2020-01-20 16:01:42,213 INFO o.a.j.t.JMeterThread: Thread started: Thread Group 1-32
2020-01-20 16:01:42,295 INFO o.a.j.t.JMeterThread: Thread is done: Thread Group 1-31
2020-01-20 16:01:42,296 INFO o.a.j.t.JMeterThread: Thread finished: Thread Group 1-31
2020-01-20 16:01:42,312 INFO o.a.j.t.JMeterThread: Thread started: Thread Group 1-33
2020-01-20 16:01:42,395 INFO o.a.j.t.JMeterThread: Thread is done: Thread Group 1-32
2020-01-20 16:01:42,396 INFO o.a.j.t.JMeterThread: Thread finished: Thread Group 1-32
2020-01-20 16:01:42,412 INFO o.a.j.t.JMeterThread: Thread started: Thread Group 1-34
2020-01-20 16:01:42,497 INFO o.a.j.t.JMeterThread: Thread is done: Thread Group 1-33
2020-01-20 16:01:42,497 INFO o.a.j.t.JMeterThread: Thread finished: Thread Group 1-33
2020-01-20 16:01:42,509 INFO o.a.j.t.JMeterThread: Thread started: Thread Group 1-35
2020-01-20 16:01:42,597 INFO o.a.j.t.JMeterThread: Thread is done: Thread Group 1-34
2020-01-20 16:01:42,597 INFO o.a.j.t.JMeterThread: Thread finished: Thread Group 1-34
2020-01-20 16:01:42,608 INFO o.a.j.t.JMeterThread: Thread started: Thread Group 1-36
2020-01-20 16:01:42,695 INFO o.a.j.t.JMeterThread: Thread is done: Thread Group 1-35
2020-01-20 16:01:42,695 INFO o.a.j.t.JMeterThread: Thread finished: Thread Group 1-35
2020-01-20 16:01:42,713 INFO o.a.j.t.JMeterThread: Thread started: Thread Group 1-37
2020-01-20 16:01:42,794 INFO o.a.j.t.JMeterThread: Thread is done: Thread Group 1-36
2020-01-20 16:01:42,794 INFO o.a.j.t.JMeterThread: Thread finished: Thread Group 1-36
2020-01-20 16:01:42,809 INFO o.a.j.t.JMeterThread: Thread started: Thread Group 1-38
2020-01-20 16:01:42,908 INFO o.a.j.t.JMeterThread: Thread started: Thread Group 1-39
2020-01-20 16:01:42,955 INFO o.a.j.t.JMeterThread: Thread is done: Thread Group 1-37
2020-01-20 16:01:42,955 INFO o.a.j.t.JMeterThread: Thread finished: Thread Group 1-37
2020-01-20 16:01:42,980 INFO o.a.j.t.JMeterThread: Thread is done: Thread Group 1-38
2020-01-20 16:01:42,980 INFO o.a.j.t.JMeterThread: Thread finished: Thread Group 1-38
2020-01-20 16:01:43,011 INFO o.a.j.t.JMeterThread: Thread started: Thread Group 1-40
2020-01-20 16:01:43,092 INFO o.a.j.t.JMeterThread: Thread is done: Thread Group 1-39
2020-01-20 16:01:43,092 INFO o.a.j.t.JMeterThread: Thread finished: Thread Group 1-39
2020-01-20 16:01:43,108 INFO o.a.j.t.JMeterThread: Thread started: Thread Group 1-41
2020-01-20 16:01:43,180 INFO o.a.j.t.JMeterThread: Thread is done: Thread Group 1-40
2020-01-20 16:01:43,181 INFO o.a.j.t.JMeterThread: Thread finished: Thread Group 1-40
2020-01-20 16:01:43,209 INFO o.a.j.t.JMeterThread: Thread started: Thread Group 1-42
2020-01-20 16:01:43,291 INFO o.a.j.t.JMeterThread: Thread is done: Thread Group 1-41
2020-01-20 16:01:43,291 INFO o.a.j.t.JMeterThread: Thread finished: Thread Group 1-41
2020-01-20 16:01:43,313 INFO o.a.j.t.JMeterThread: Thread started: Thread Group 1-43
2020-01-20 16:01:43,381 INFO o.a.j.t.JMeterThread: Thread is done: Thread Group 1-42
2020-01-20 16:01:43,381 INFO o.a.j.t.JMeterThread: Thread finished: Thread Group 1-42
2020-01-20 16:01:43,413 INFO o.a.j.t.JMeterThread: Thread started: Thread Group 1-44
2020-01-20 16:01:43,483 INFO o.a.j.t.JMeterThread: Thread is done: Thread Group 1-43
2020-01-20 16:01:43,484 INFO o.a.j.t.JMeterThread: Thread finished: Thread Group 1-43
2020-01-20 16:01:43,510 INFO o.a.j.t.JMeterThread: Thread started: Thread Group 1-45
2020-01-20 16:01:43,595 INFO o.a.j.t.JMeterThread: Thread is done: Thread Group 1-44
2020-01-20 16:01:43,595 INFO o.a.j.t.JMeterThread: Thread finished: Thread Group 1-44
2020-01-20 16:01:43,612 INFO o.a.j.t.JMeterThread: Thread started: Thread Group 1-46
2020-01-20 16:01:43,707 INFO o.a.j.t.JMeterThread: Thread is done: Thread Group 1-45
2020-01-20 16:01:43,707 INFO o.a.j.t.JMeterThread: Thread finished: Thread Group 1-45
2020-01-20 16:01:43,710 INFO o.a.j.t.JMeterThread: Thread started: Thread Group 1-47
2020-01-20 16:01:43,811 INFO o.a.j.t.JMeterThread: Thread started: Thread Group 1-48
2020-01-20 16:01:43,813 INFO o.a.j.t.JMeterThread: Thread is done: Thread Group 1-46
2020-01-20 16:01:43,813 INFO o.a.j.t.JMeterThread: Thread finished: Thread Group 1-46
2020-01-20 16:01:43,908 INFO o.a.j.t.JMeterThread: Thread started: Thread Group 1-49
2020-01-20 16:01:43,928 INFO o.a.j.t.JMeterThread: Thread is done: Thread Group 1-47
2020-01-20 16:01:43,928 INFO o.a.j.t.JMeterThread: Thread finished: Thread Group 1-47
2020-01-20 16:01:43,966 ERROR o.a.j.v.b.i.HttpMetricsSender: failed to send data to influxDB server.
java.net.UnknownHostException: jmeter-influxdb
	at java.net.InetAddress.getAllByName0(InetAddress.java:1281) ~[?:1.8.0_232]
	at java.net.InetAddress.getAllByName(InetAddress.java:1193) ~[?:1.8.0_232]
	at java.net.InetAddress.getAllByName(InetAddress.java:1127) ~[?:1.8.0_232]
	at org.apache.http.impl.conn.SystemDefaultDnsResolver.resolve(SystemDefaultDnsResolver.java:45) ~[httpclient-4.5.10.jar:4.5.10]
	at org.apache.http.impl.nio.conn.PoolingNHttpClientConnectionManager$InternalAddressResolver.resolveRemoteAddress(PoolingNHttpClientConnectionManager.java:664) ~[httpasyncclient-4.1.4.jar:4.1.4]
	at org.apache.http.impl.nio.conn.PoolingNHttpClientConnectionManager$InternalAddressResolver.resolveRemoteAddress(PoolingNHttpClientConnectionManager.java:635) ~[httpasyncclient-4.1.4.jar:4.1.4]
	at org.apache.http.nio.pool.AbstractNIOConnPool.processPendingRequest(AbstractNIOConnPool.java:474) [httpcore-nio-4.4.12.jar:4.4.12]
	at org.apache.http.nio.pool.AbstractNIOConnPool.lease(AbstractNIOConnPool.java:280) [httpcore-nio-4.4.12.jar:4.4.12]
	at org.apache.http.impl.nio.conn.PoolingNHttpClientConnectionManager.requestConnection(PoolingNHttpClientConnectionManager.java:295) [httpasyncclient-4.1.4.jar:4.1.4]
	at org.apache.http.impl.nio.client.AbstractClientExchangeHandler.requestConnection(AbstractClientExchangeHandler.java:377) [httpasyncclient-4.1.4.jar:4.1.4]
	at org.apache.http.impl.nio.client.DefaultClientExchangeHandlerImpl.start(DefaultClientExchangeHandlerImpl.java:129) [httpasyncclient-4.1.4.jar:4.1.4]
	at org.apache.http.impl.nio.client.InternalHttpAsyncClient.execute(InternalHttpAsyncClient.java:141) [httpasyncclient-4.1.4.jar:4.1.4]
	at org.apache.http.impl.nio.client.CloseableHttpAsyncClient.execute(CloseableHttpAsyncClient.java:75) [httpasyncclient-4.1.4.jar:4.1.4]
	at org.apache.http.impl.nio.client.CloseableHttpAsyncClient.execute(CloseableHttpAsyncClient.java:108) [httpasyncclient-4.1.4.jar:4.1.4]
	at org.apache.http.impl.nio.client.CloseableHttpAsyncClient.execute(CloseableHttpAsyncClient.java:92) [httpasyncclient-4.1.4.jar:4.1.4]
	at org.apache.jmeter.visualizers.backend.influxdb.HttpMetricsSender.writeAndSendMetrics(HttpMetricsSender.java:191) [ApacheJMeter_components.jar:5.2.1]
	at org.apache.jmeter.visualizers.backend.influxdb.HttpMetricsSender.writeAndSendMetrics(HttpMetricsSender.java:169) [ApacheJMeter_components.jar:5.2.1]
	at org.apache.jmeter.visualizers.backend.influxdb.InfluxdbBackendListenerClient.sendMetrics(InfluxdbBackendListenerClient.java:169) [ApacheJMeter_components.jar:5.2.1]
	at org.apache.jmeter.visualizers.backend.influxdb.InfluxdbBackendListenerClient.run(InfluxdbBackendListenerClient.java:136) [ApacheJMeter_components.jar:5.2.1]
	at java.util.concurrent.Executors$RunnableAdapter.call(Executors.java:511) [?:1.8.0_232]
	at java.util.concurrent.FutureTask.runAndReset(FutureTask.java:308) [?:1.8.0_232]
	at java.util.concurrent.ScheduledThreadPoolExecutor$ScheduledFutureTask.access$301(ScheduledThreadPoolExecutor.java:180) [?:1.8.0_232]
	at java.util.concurrent.ScheduledThreadPoolExecutor$ScheduledFutureTask.run(ScheduledThreadPoolExecutor.java:294) [?:1.8.0_232]
	at java.util.concurrent.ThreadPoolExecutor.runWorker(ThreadPoolExecutor.java:1149) [?:1.8.0_232]
	at java.util.concurrent.ThreadPoolExecutor$Worker.run(ThreadPoolExecutor.java:624) [?:1.8.0_232]
	at java.lang.Thread.run(Thread.java:748) [?:1.8.0_232]
2020-01-20 16:01:44,003 INFO o.a.j.t.JMeterThread: Thread is done: Thread Group 1-48
2020-01-20 16:01:44,003 INFO o.a.j.t.JMeterThread: Thread finished: Thread Group 1-48
2020-01-20 16:01:44,009 INFO o.a.j.t.JMeterThread: Thread started: Thread Group 1-50
2020-01-20 16:01:44,109 INFO o.a.j.t.JMeterThread: Thread started: Thread Group 1-51
2020-01-20 16:01:44,128 INFO o.a.j.t.JMeterThread: Thread is done: Thread Group 1-49
2020-01-20 16:01:44,128 INFO o.a.j.t.JMeterThread: Thread finished: Thread Group 1-49
2020-01-20 16:01:44,208 INFO o.a.j.t.JMeterThread: Thread started: Thread Group 1-52
2020-01-20 16:01:44,242 INFO o.a.j.t.JMeterThread: Thread is done: Thread Group 1-50
2020-01-20 16:01:44,242 INFO o.a.j.t.JMeterThread: Thread finished: Thread Group 1-50
2020-01-20 16:01:44,308 INFO o.a.j.t.JMeterThread: Thread started: Thread Group 1-53
2020-01-20 16:01:44,323 INFO o.a.j.t.JMeterThread: Thread is done: Thread Group 1-51
2020-01-20 16:01:44,323 INFO o.a.j.t.JMeterThread: Thread finished: Thread Group 1-51
2020-01-20 16:01:44,396 INFO o.a.j.t.JMeterThread: Thread is done: Thread Group 1-52
2020-01-20 16:01:44,396 INFO o.a.j.t.JMeterThread: Thread finished: Thread Group 1-52
2020-01-20 16:01:44,409 INFO o.a.j.t.JMeterThread: Thread started: Thread Group 1-54
2020-01-20 16:01:44,497 INFO o.a.j.t.JMeterThread: Thread is done: Thread Group 1-53
2020-01-20 16:01:44,497 INFO o.a.j.t.JMeterThread: Thread finished: Thread Group 1-53
2020-01-20 16:01:44,512 INFO o.a.j.t.JMeterThread: Thread started: Thread Group 1-55
2020-01-20 16:01:44,609 INFO o.a.j.t.JMeterThread: Thread is done: Thread Group 1-54
2020-01-20 16:01:44,609 INFO o.a.j.t.JMeterThread: Thread finished: Thread Group 1-54
2020-01-20 16:01:44,611 INFO o.a.j.t.JMeterThread: Thread started: Thread Group 1-56
2020-01-20 16:01:44,708 INFO o.a.j.t.JMeterThread: Thread is done: Thread Group 1-55
2020-01-20 16:01:44,708 INFO o.a.j.t.JMeterThread: Thread finished: Thread Group 1-55
2020-01-20 16:01:44,709 INFO o.a.j.t.JMeterThread: Thread started: Thread Group 1-57
2020-01-20 16:01:44,794 INFO o.a.j.t.JMeterThread: Thread is done: Thread Group 1-56
2020-01-20 16:01:44,794 INFO o.a.j.t.JMeterThread: Thread finished: Thread Group 1-56
2020-01-20 16:01:44,812 INFO o.a.j.t.JMeterThread: Thread started: Thread Group 1-58
2020-01-20 16:01:44,887 INFO o.a.j.t.JMeterThread: Thread is done: Thread Group 1-57
2020-01-20 16:01:44,888 INFO o.a.j.t.JMeterThread: Thread finished: Thread Group 1-57
2020-01-20 16:01:44,908 INFO o.a.j.t.JMeterThread: Thread started: Thread Group 1-59
2020-01-20 16:01:45,008 INFO o.a.j.t.JMeterThread: Thread started: Thread Group 1-60
2020-01-20 16:01:45,064 INFO o.a.j.t.JMeterThread: Thread is done: Thread Group 1-58
2020-01-20 16:01:45,064 INFO o.a.j.t.JMeterThread: Thread finished: Thread Group 1-58
2020-01-20 16:01:45,109 INFO o.a.j.t.JMeterThread: Thread started: Thread Group 1-61
2020-01-20 16:01:45,143 INFO o.a.j.t.JMeterThread: Thread is done: Thread Group 1-59
2020-01-20 16:01:45,143 INFO o.a.j.t.JMeterThread: Thread finished: Thread Group 1-59
2020-01-20 16:01:45,213 INFO o.a.j.t.JMeterThread: Thread started: Thread Group 1-62
2020-01-20 16:01:45,229 INFO o.a.j.t.JMeterThread: Thread is done: Thread Group 1-60
2020-01-20 16:01:45,229 INFO o.a.j.t.JMeterThread: Thread finished: Thread Group 1-60
2020-01-20 16:01:45,291 INFO o.a.j.t.JMeterThread: Thread is done: Thread Group 1-61
2020-01-20 16:01:45,291 INFO o.a.j.t.JMeterThread: Thread finished: Thread Group 1-61
2020-01-20 16:01:45,312 INFO o.a.j.t.JMeterThread: Thread started: Thread Group 1-63
2020-01-20 16:01:45,395 INFO o.a.j.t.JMeterThread: Thread is done: Thread Group 1-62
2020-01-20 16:01:45,395 INFO o.a.j.t.JMeterThread: Thread finished: Thread Group 1-62
2020-01-20 16:01:45,410 INFO o.a.j.t.JMeterThread: Thread started: Thread Group 1-64
2020-01-20 16:01:45,509 INFO o.a.j.t.JMeterThread: Thread started: Thread Group 1-65
2020-01-20 16:01:45,514 INFO o.a.j.t.JMeterThread: Thread is done: Thread Group 1-63
2020-01-20 16:01:45,514 INFO o.a.j.t.JMeterThread: Thread finished: Thread Group 1-63
2020-01-20 16:01:45,610 INFO o.a.j.t.JMeterThread: Thread started: Thread Group 1-66
2020-01-20 16:01:45,617 INFO o.a.j.t.JMeterThread: Thread is done: Thread Group 1-64
2020-01-20 16:01:45,617 INFO o.a.j.t.JMeterThread: Thread finished: Thread Group 1-64
2020-01-20 16:01:45,707 INFO o.a.j.t.JMeterThread: Thread is done: Thread Group 1-65
2020-01-20 16:01:45,707 INFO o.a.j.t.JMeterThread: Thread finished: Thread Group 1-65
2020-01-20 16:01:45,709 INFO o.a.j.t.JMeterThread: Thread started: Thread Group 1-67
2020-01-20 16:01:45,796 INFO o.a.j.t.JMeterThread: Thread is done: Thread Group 1-66
2020-01-20 16:01:45,796 INFO o.a.j.t.JMeterThread: Thread finished: Thread Group 1-66
2020-01-20 16:01:45,812 INFO o.a.j.t.JMeterThread: Thread started: Thread Group 1-68
2020-01-20 16:01:45,880 INFO o.a.j.t.JMeterThread: Thread is done: Thread Group 1-67
2020-01-20 16:01:45,880 INFO o.a.j.t.JMeterThread: Thread finished: Thread Group 1-67
2020-01-20 16:01:45,908 INFO o.a.j.t.JMeterThread: Thread started: Thread Group 1-69
2020-01-20 16:01:45,988 INFO o.a.j.t.JMeterThread: Thread is done: Thread Group 1-68
2020-01-20 16:01:45,988 INFO o.a.j.t.JMeterThread: Thread finished: Thread Group 1-68
2020-01-20 16:01:46,009 INFO o.a.j.t.JMeterThread: Thread started: Thread Group 1-70
2020-01-20 16:01:46,076 INFO o.a.j.t.JMeterThread: Thread is done: Thread Group 1-69
2020-01-20 16:01:46,076 INFO o.a.j.t.JMeterThread: Thread finished: Thread Group 1-69
2020-01-20 16:01:46,111 INFO o.a.j.t.JMeterThread: Thread started: Thread Group 1-71
2020-01-20 16:01:46,203 INFO o.a.j.t.JMeterThread: Thread is done: Thread Group 1-70
2020-01-20 16:01:46,204 INFO o.a.j.t.JMeterThread: Thread finished: Thread Group 1-70
2020-01-20 16:01:46,209 INFO o.a.j.t.JMeterThread: Thread started: Thread Group 1-72
2020-01-20 16:01:46,309 INFO o.a.j.t.JMeterThread: Thread started: Thread Group 1-73
2020-01-20 16:01:46,309 INFO o.a.j.t.JMeterThread: Thread is done: Thread Group 1-71
2020-01-20 16:01:46,309 INFO o.a.j.t.JMeterThread: Thread finished: Thread Group 1-71
2020-01-20 16:01:46,397 INFO o.a.j.t.JMeterThread: Thread is done: Thread Group 1-72
2020-01-20 16:01:46,397 INFO o.a.j.t.JMeterThread: Thread finished: Thread Group 1-72
2020-01-20 16:01:46,411 INFO o.a.j.t.JMeterThread: Thread started: Thread Group 1-74
2020-01-20 16:01:46,508 INFO o.a.j.t.JMeterThread: Thread is done: Thread Group 1-73
2020-01-20 16:01:46,508 INFO o.a.j.t.JMeterThread: Thread finished: Thread Group 1-73
2020-01-20 16:01:46,513 INFO o.a.j.t.JMeterThread: Thread started: Thread Group 1-75
2020-01-20 16:01:46,594 INFO o.a.j.t.JMeterThread: Thread is done: Thread Group 1-74
2020-01-20 16:01:46,595 INFO o.a.j.t.JMeterThread: Thread finished: Thread Group 1-74
2020-01-20 16:01:46,608 INFO o.a.j.t.JMeterThread: Thread started: Thread Group 1-76
2020-01-20 16:01:46,683 INFO o.a.j.t.JMeterThread: Thread is done: Thread Group 1-75
2020-01-20 16:01:46,683 INFO o.a.j.t.JMeterThread: Thread finished: Thread Group 1-75
2020-01-20 16:01:46,711 INFO o.a.j.t.JMeterThread: Thread started: Thread Group 1-77
2020-01-20 16:01:46,781 INFO o.a.j.t.JMeterThread: Thread is done: Thread Group 1-76
2020-01-20 16:01:46,781 INFO o.a.j.t.JMeterThread: Thread finished: Thread Group 1-76
2020-01-20 16:01:46,811 INFO o.a.j.t.JMeterThread: Thread started: Thread Group 1-78
2020-01-20 16:01:46,909 INFO o.a.j.t.JMeterThread: Thread started: Thread Group 1-79
2020-01-20 16:01:46,918 INFO o.a.j.t.JMeterThread: Thread is done: Thread Group 1-77
2020-01-20 16:01:46,918 INFO o.a.j.t.JMeterThread: Thread finished: Thread Group 1-77
2020-01-20 16:01:47,008 INFO o.a.j.t.JMeterThread: Thread is done: Thread Group 1-78
2020-01-20 16:01:47,008 INFO o.a.j.t.JMeterThread: Thread finished: Thread Group 1-78
2020-01-20 16:01:47,011 INFO o.a.j.t.JMeterThread: Thread started: Thread Group 1-80
2020-01-20 16:01:47,096 INFO o.a.j.t.JMeterThread: Thread is done: Thread Group 1-79
2020-01-20 16:01:47,096 INFO o.a.j.t.JMeterThread: Thread finished: Thread Group 1-79
2020-01-20 16:01:47,112 INFO o.a.j.t.JMeterThread: Thread started: Thread Group 1-81
2020-01-20 16:01:47,207 INFO o.a.j.t.JMeterThread: Thread is done: Thread Group 1-80
2020-01-20 16:01:47,207 INFO o.a.j.t.JMeterThread: Thread finished: Thread Group 1-80
2020-01-20 16:01:47,211 INFO o.a.j.t.JMeterThread: Thread started: Thread Group 1-82
2020-01-20 16:01:47,283 INFO o.a.j.t.JMeterThread: Thread is done: Thread Group 1-81
2020-01-20 16:01:47,284 INFO o.a.j.t.JMeterThread: Thread finished: Thread Group 1-81
2020-01-20 16:01:47,309 INFO o.a.j.t.JMeterThread: Thread started: Thread Group 1-83
2020-01-20 16:01:47,391 INFO o.a.j.t.JMeterThread: Thread is done: Thread Group 1-82
2020-01-20 16:01:47,391 INFO o.a.j.t.JMeterThread: Thread finished: Thread Group 1-82
2020-01-20 16:01:47,409 INFO o.a.j.t.JMeterThread: Thread started: Thread Group 1-84
2020-01-20 16:01:47,477 INFO o.a.j.t.JMeterThread: Thread is done: Thread Group 1-83
2020-01-20 16:01:47,477 INFO o.a.j.t.JMeterThread: Thread finished: Thread Group 1-83
2020-01-20 16:01:47,508 INFO o.a.j.t.JMeterThread: Thread started: Thread Group 1-85
2020-01-20 16:01:47,578 INFO o.a.j.t.JMeterThread: Thread is done: Thread Group 1-84
2020-01-20 16:01:47,578 INFO o.a.j.t.JMeterThread: Thread finished: Thread Group 1-84
2020-01-20 16:01:47,611 INFO o.a.j.t.JMeterThread: Thread started: Thread Group 1-86
2020-01-20 16:01:47,697 INFO o.a.j.t.JMeterThread: Thread is done: Thread Group 1-85
2020-01-20 16:01:47,697 INFO o.a.j.t.JMeterThread: Thread finished: Thread Group 1-85
2020-01-20 16:01:47,713 INFO o.a.j.t.JMeterThread: Thread started: Thread Group 1-87
2020-01-20 16:01:47,786 INFO o.a.j.t.JMeterThread: Thread is done: Thread Group 1-86
2020-01-20 16:01:47,786 INFO o.a.j.t.JMeterThread: Thread finished: Thread Group 1-86
2020-01-20 16:01:47,809 INFO o.a.j.t.JMeterThread: Thread started: Thread Group 1-88
2020-01-20 16:01:47,892 INFO o.a.j.t.JMeterThread: Thread is done: Thread Group 1-87
2020-01-20 16:01:47,892 INFO o.a.j.t.JMeterThread: Thread finished: Thread Group 1-87
2020-01-20 16:01:47,908 INFO o.a.j.t.JMeterThread: Thread started: Thread Group 1-89
2020-01-20 16:01:47,974 INFO o.a.j.t.JMeterThread: Thread is done: Thread Group 1-88
2020-01-20 16:01:47,974 INFO o.a.j.t.JMeterThread: Thread finished: Thread Group 1-88
2020-01-20 16:01:48,008 INFO o.a.j.t.JMeterThread: Thread started: Thread Group 1-90
2020-01-20 16:01:48,100 INFO o.a.j.t.JMeterThread: Thread is done: Thread Group 1-89
2020-01-20 16:01:48,100 INFO o.a.j.t.JMeterThread: Thread finished: Thread Group 1-89
2020-01-20 16:01:48,112 INFO o.a.j.t.JMeterThread: Thread started: Thread Group 1-91
2020-01-20 16:01:48,203 INFO o.a.j.t.JMeterThread: Thread is done: Thread Group 1-90
2020-01-20 16:01:48,203 INFO o.a.j.t.JMeterThread: Thread finished: Thread Group 1-90
2020-01-20 16:01:48,210 INFO o.a.j.t.JMeterThread: Thread started: Thread Group 1-92
2020-01-20 16:01:48,297 INFO o.a.j.t.JMeterThread: Thread is done: Thread Group 1-91
2020-01-20 16:01:48,297 INFO o.a.j.t.JMeterThread: Thread finished: Thread Group 1-91
2020-01-20 16:01:48,309 INFO o.a.j.t.JMeterThread: Thread started: Thread Group 1-93
2020-01-20 16:01:48,390 INFO o.a.j.t.JMeterThread: Thread is done: Thread Group 1-92
2020-01-20 16:01:48,390 INFO o.a.j.t.JMeterThread: Thread finished: Thread Group 1-92
2020-01-20 16:01:48,408 INFO o.a.j.t.JMeterThread: Thread started: Thread Group 1-94
2020-01-20 16:01:48,489 INFO o.a.j.t.JMeterThread: Thread is done: Thread Group 1-93
2020-01-20 16:01:48,489 INFO o.a.j.t.JMeterThread: Thread finished: Thread Group 1-93
2020-01-20 16:01:48,512 INFO o.a.j.t.JMeterThread: Thread started: Thread Group 1-95
2020-01-20 16:01:48,600 INFO o.a.j.t.JMeterThread: Thread is done: Thread Group 1-94
2020-01-20 16:01:48,600 INFO o.a.j.t.JMeterThread: Thread finished: Thread Group 1-94
2020-01-20 16:01:48,609 INFO o.a.j.t.JMeterThread: Thread started: Thread Group 1-96
2020-01-20 16:01:48,696 INFO o.a.j.t.JMeterThread: Thread is done: Thread Group 1-95
2020-01-20 16:01:48,696 INFO o.a.j.t.JMeterThread: Thread finished: Thread Group 1-95
2020-01-20 16:01:48,710 INFO o.a.j.t.JMeterThread: Thread started: Thread Group 1-97
2020-01-20 16:01:48,808 INFO o.a.j.t.JMeterThread: Thread started: Thread Group 1-98
2020-01-20 16:01:48,841 INFO o.a.j.t.JMeterThread: Thread is done: Thread Group 1-96
2020-01-20 16:01:48,841 INFO o.a.j.t.JMeterThread: Thread finished: Thread Group 1-96
2020-01-20 16:01:48,913 INFO o.a.j.t.JMeterThread: Thread started: Thread Group 1-99
2020-01-20 16:01:48,944 INFO o.a.j.t.JMeterThread: Thread is done: Thread Group 1-97
2020-01-20 16:01:48,945 INFO o.a.j.t.JMeterThread: Thread finished: Thread Group 1-97
2020-01-20 16:01:48,963 ERROR o.a.j.v.b.i.HttpMetricsSender: failed to send data to influxDB server.
java.net.UnknownHostException: jmeter-influxdb
	at java.net.InetAddress.getAllByName0(InetAddress.java:1281) ~[?:1.8.0_232]
	at java.net.InetAddress.getAllByName(InetAddress.java:1193) ~[?:1.8.0_232]
	at java.net.InetAddress.getAllByName(InetAddress.java:1127) ~[?:1.8.0_232]
	at org.apache.http.impl.conn.SystemDefaultDnsResolver.resolve(SystemDefaultDnsResolver.java:45) ~[httpclient-4.5.10.jar:4.5.10]
	at org.apache.http.impl.nio.conn.PoolingNHttpClientConnectionManager$InternalAddressResolver.resolveRemoteAddress(PoolingNHttpClientConnectionManager.java:664) ~[httpasyncclient-4.1.4.jar:4.1.4]
	at org.apache.http.impl.nio.conn.PoolingNHttpClientConnectionManager$InternalAddressResolver.resolveRemoteAddress(PoolingNHttpClientConnectionManager.java:635) ~[httpasyncclient-4.1.4.jar:4.1.4]
	at org.apache.http.nio.pool.AbstractNIOConnPool.processPendingRequest(AbstractNIOConnPool.java:474) [httpcore-nio-4.4.12.jar:4.4.12]
	at org.apache.http.nio.pool.AbstractNIOConnPool.lease(AbstractNIOConnPool.java:280) [httpcore-nio-4.4.12.jar:4.4.12]
	at org.apache.http.impl.nio.conn.PoolingNHttpClientConnectionManager.requestConnection(PoolingNHttpClientConnectionManager.java:295) [httpasyncclient-4.1.4.jar:4.1.4]
	at org.apache.http.impl.nio.client.AbstractClientExchangeHandler.requestConnection(AbstractClientExchangeHandler.java:377) [httpasyncclient-4.1.4.jar:4.1.4]
	at org.apache.http.impl.nio.client.DefaultClientExchangeHandlerImpl.start(DefaultClientExchangeHandlerImpl.java:129) [httpasyncclient-4.1.4.jar:4.1.4]
	at org.apache.http.impl.nio.client.InternalHttpAsyncClient.execute(InternalHttpAsyncClient.java:141) [httpasyncclient-4.1.4.jar:4.1.4]
	at org.apache.http.impl.nio.client.CloseableHttpAsyncClient.execute(CloseableHttpAsyncClient.java:75) [httpasyncclient-4.1.4.jar:4.1.4]
	at org.apache.http.impl.nio.client.CloseableHttpAsyncClient.execute(CloseableHttpAsyncClient.java:108) [httpasyncclient-4.1.4.jar:4.1.4]
	at org.apache.http.impl.nio.client.CloseableHttpAsyncClient.execute(CloseableHttpAsyncClient.java:92) [httpasyncclient-4.1.4.jar:4.1.4]
	at org.apache.jmeter.visualizers.backend.influxdb.HttpMetricsSender.writeAndSendMetrics(HttpMetricsSender.java:191) [ApacheJMeter_components.jar:5.2.1]
	at org.apache.jmeter.visualizers.backend.influxdb.HttpMetricsSender.writeAndSendMetrics(HttpMetricsSender.java:169) [ApacheJMeter_components.jar:5.2.1]
	at org.apache.jmeter.visualizers.backend.influxdb.InfluxdbBackendListenerClient.sendMetrics(InfluxdbBackendListenerClient.java:169) [ApacheJMeter_components.jar:5.2.1]
	at org.apache.jmeter.visualizers.backend.influxdb.InfluxdbBackendListenerClient.run(InfluxdbBackendListenerClient.java:136) [ApacheJMeter_components.jar:5.2.1]
	at java.util.concurrent.Executors$RunnableAdapter.call(Executors.java:511) [?:1.8.0_232]
	at java.util.concurrent.FutureTask.runAndReset(FutureTask.java:308) [?:1.8.0_232]
	at java.util.concurrent.ScheduledThreadPoolExecutor$ScheduledFutureTask.access$301(ScheduledThreadPoolExecutor.java:180) [?:1.8.0_232]
	at java.util.concurrent.ScheduledThreadPoolExecutor$ScheduledFutureTask.run(ScheduledThreadPoolExecutor.java:294) [?:1.8.0_232]
	at java.util.concurrent.ThreadPoolExecutor.runWorker(ThreadPoolExecutor.java:1149) [?:1.8.0_232]
	at java.util.concurrent.ThreadPoolExecutor$Worker.run(ThreadPoolExecutor.java:624) [?:1.8.0_232]
	at java.lang.Thread.run(Thread.java:748) [?:1.8.0_232]
2020-01-20 16:01:48,996 INFO o.a.j.t.JMeterThread: Thread is done: Thread Group 1-98
2020-01-20 16:01:48,996 INFO o.a.j.t.JMeterThread: Thread finished: Thread Group 1-98
2020-01-20 16:01:49,008 INFO o.a.j.t.JMeterThread: Thread started: Thread Group 1-100
2020-01-20 16:01:49,093 INFO o.a.j.t.JMeterThread: Thread is done: Thread Group 1-99
2020-01-20 16:01:49,093 INFO o.a.j.t.JMeterThread: Thread finished: Thread Group 1-99
2020-01-20 16:01:49,188 INFO o.a.j.t.JMeterThread: Thread is done: Thread Group 1-100
2020-01-20 16:01:49,188 INFO o.a.j.t.JMeterThread: Thread finished: Thread Group 1-100
2020-01-20 16:01:49,188 INFO o.a.j.e.StandardJMeterEngine: Notifying test listeners of end of test
2020-01-20 16:01:49,188 INFO o.a.j.v.b.BackendListener: Worker ended
2020-01-20 16:01:49,189 INFO o.a.j.v.b.i.InfluxdbBackendListenerClient: Sending last metrics
2020-01-20 16:01:49,192 ERROR o.a.j.v.b.i.HttpMetricsSender: failed to send data to influxDB server.
java.net.UnknownHostException: jmeter-influxdb: nodename nor servname provided, or not known
	at java.net.Inet6AddressImpl.lookupAllHostAddr(Native Method) ~[?:1.8.0_232]
	at java.net.InetAddress$2.lookupAllHostAddr(InetAddress.java:929) ~[?:1.8.0_232]
	at java.net.InetAddress.getAddressesFromNameService(InetAddress.java:1324) ~[?:1.8.0_232]
	at java.net.InetAddress.getAllByName0(InetAddress.java:1277) ~[?:1.8.0_232]
	at java.net.InetAddress.getAllByName(InetAddress.java:1193) ~[?:1.8.0_232]
	at java.net.InetAddress.getAllByName(InetAddress.java:1127) ~[?:1.8.0_232]
	at org.apache.http.impl.conn.SystemDefaultDnsResolver.resolve(SystemDefaultDnsResolver.java:45) ~[httpclient-4.5.10.jar:4.5.10]
	at org.apache.http.impl.nio.conn.PoolingNHttpClientConnectionManager$InternalAddressResolver.resolveRemoteAddress(PoolingNHttpClientConnectionManager.java:664) ~[httpasyncclient-4.1.4.jar:4.1.4]
	at org.apache.http.impl.nio.conn.PoolingNHttpClientConnectionManager$InternalAddressResolver.resolveRemoteAddress(PoolingNHttpClientConnectionManager.java:635) ~[httpasyncclient-4.1.4.jar:4.1.4]
	at org.apache.http.nio.pool.AbstractNIOConnPool.processPendingRequest(AbstractNIOConnPool.java:474) [httpcore-nio-4.4.12.jar:4.4.12]
	at org.apache.http.nio.pool.AbstractNIOConnPool.lease(AbstractNIOConnPool.java:280) [httpcore-nio-4.4.12.jar:4.4.12]
	at org.apache.http.impl.nio.conn.PoolingNHttpClientConnectionManager.requestConnection(PoolingNHttpClientConnectionManager.java:295) [httpasyncclient-4.1.4.jar:4.1.4]
	at org.apache.http.impl.nio.client.AbstractClientExchangeHandler.requestConnection(AbstractClientExchangeHandler.java:377) [httpasyncclient-4.1.4.jar:4.1.4]
	at org.apache.http.impl.nio.client.DefaultClientExchangeHandlerImpl.start(DefaultClientExchangeHandlerImpl.java:129) [httpasyncclient-4.1.4.jar:4.1.4]
	at org.apache.http.impl.nio.client.InternalHttpAsyncClient.execute(InternalHttpAsyncClient.java:141) [httpasyncclient-4.1.4.jar:4.1.4]
	at org.apache.http.impl.nio.client.CloseableHttpAsyncClient.execute(CloseableHttpAsyncClient.java:75) [httpasyncclient-4.1.4.jar:4.1.4]
	at org.apache.http.impl.nio.client.CloseableHttpAsyncClient.execute(CloseableHttpAsyncClient.java:108) [httpasyncclient-4.1.4.jar:4.1.4]
	at org.apache.http.impl.nio.client.CloseableHttpAsyncClient.execute(CloseableHttpAsyncClient.java:92) [httpasyncclient-4.1.4.jar:4.1.4]
	at org.apache.jmeter.visualizers.backend.influxdb.HttpMetricsSender.writeAndSendMetrics(HttpMetricsSender.java:191) [ApacheJMeter_components.jar:5.2.1]
	at org.apache.jmeter.visualizers.backend.influxdb.HttpMetricsSender.writeAndSendMetrics(HttpMetricsSender.java:169) [ApacheJMeter_components.jar:5.2.1]
	at org.apache.jmeter.visualizers.backend.influxdb.InfluxdbBackendListenerClient.sendMetrics(InfluxdbBackendListenerClient.java:169) [ApacheJMeter_components.jar:5.2.1]
	at org.apache.jmeter.visualizers.backend.influxdb.InfluxdbBackendListenerClient.teardownTest(InfluxdbBackendListenerClient.java:417) [ApacheJMeter_components.jar:5.2.1]
	at org.apache.jmeter.visualizers.backend.BackendListener.testEnded(BackendListener.java:376) [ApacheJMeter_components.jar:5.2.1]
	at org.apache.jmeter.visualizers.backend.BackendListener.testEnded(BackendListener.java:384) [ApacheJMeter_components.jar:5.2.1]
	at org.apache.jmeter.engine.StandardJMeterEngine.notifyTestListenersOfEnd(StandardJMeterEngine.java:218) [ApacheJMeter_core.jar:5.2.1]
	at org.apache.jmeter.engine.StandardJMeterEngine.run(StandardJMeterEngine.java:492) [ApacheJMeter_core.jar:5.2.1]
	at java.lang.Thread.run(Thread.java:748) [?:1.8.0_232]
2020-01-20 16:01:49,192 INFO o.a.j.v.b.i.HttpMetricsSender: Destroying 
2020-01-20 16:01:49,193 ERROR o.a.j.v.b.i.HttpMetricsSender: Error waiting for last request to be send to InfluxDB
java.util.concurrent.ExecutionException: java.net.UnknownHostException: jmeter-influxdb: nodename nor servname provided, or not known
	at org.apache.http.concurrent.BasicFuture.getResult(BasicFuture.java:70) ~[httpcore-4.4.1.jar:4.4.1]
	at org.apache.http.concurrent.BasicFuture.get(BasicFuture.java:91) ~[httpcore-4.4.1.jar:4.4.1]
	at org.apache.http.impl.nio.client.FutureWrapper.get(FutureWrapper.java:75) ~[httpasyncclient-4.1.4.jar:4.1.4]
	at org.apache.jmeter.visualizers.backend.influxdb.HttpMetricsSender.destroy(HttpMetricsSender.java:246) [ApacheJMeter_components.jar:5.2.1]
	at org.apache.jmeter.visualizers.backend.influxdb.InfluxdbBackendListenerClient.teardownTest(InfluxdbBackendListenerClient.java:419) [ApacheJMeter_components.jar:5.2.1]
	at org.apache.jmeter.visualizers.backend.BackendListener.testEnded(BackendListener.java:376) [ApacheJMeter_components.jar:5.2.1]
	at org.apache.jmeter.visualizers.backend.BackendListener.testEnded(BackendListener.java:384) [ApacheJMeter_components.jar:5.2.1]
	at org.apache.jmeter.engine.StandardJMeterEngine.notifyTestListenersOfEnd(StandardJMeterEngine.java:218) [ApacheJMeter_core.jar:5.2.1]
	at org.apache.jmeter.engine.StandardJMeterEngine.run(StandardJMeterEngine.java:492) [ApacheJMeter_core.jar:5.2.1]
	at java.lang.Thread.run(Thread.java:748) [?:1.8.0_232]
Caused by: java.net.UnknownHostException: jmeter-influxdb: nodename nor servname provided, or not known
	at java.net.Inet6AddressImpl.lookupAllHostAddr(Native Method) ~[?:1.8.0_232]
	at java.net.InetAddress$2.lookupAllHostAddr(InetAddress.java:929) ~[?:1.8.0_232]
	at java.net.InetAddress.getAddressesFromNameService(InetAddress.java:1324) ~[?:1.8.0_232]
	at java.net.InetAddress.getAllByName0(InetAddress.java:1277) ~[?:1.8.0_232]
	at java.net.InetAddress.getAllByName(InetAddress.java:1193) ~[?:1.8.0_232]
	at java.net.InetAddress.getAllByName(InetAddress.java:1127) ~[?:1.8.0_232]
	at org.apache.http.impl.conn.SystemDefaultDnsResolver.resolve(SystemDefaultDnsResolver.java:45) ~[httpclient-4.5.10.jar:4.5.10]
	at org.apache.http.impl.nio.conn.PoolingNHttpClientConnectionManager$InternalAddressResolver.resolveRemoteAddress(PoolingNHttpClientConnectionManager.java:664) ~[httpasyncclient-4.1.4.jar:4.1.4]
	at org.apache.http.impl.nio.conn.PoolingNHttpClientConnectionManager$InternalAddressResolver.resolveRemoteAddress(PoolingNHttpClientConnectionManager.java:635) ~[httpasyncclient-4.1.4.jar:4.1.4]
	at org.apache.http.nio.pool.AbstractNIOConnPool.processPendingRequest(AbstractNIOConnPool.java:474) ~[httpcore-nio-4.4.12.jar:4.4.12]
	at org.apache.http.nio.pool.AbstractNIOConnPool.lease(AbstractNIOConnPool.java:280) ~[httpcore-nio-4.4.12.jar:4.4.12]
	at org.apache.http.impl.nio.conn.PoolingNHttpClientConnectionManager.requestConnection(PoolingNHttpClientConnectionManager.java:295) ~[httpasyncclient-4.1.4.jar:4.1.4]
	at org.apache.http.impl.nio.client.AbstractClientExchangeHandler.requestConnection(AbstractClientExchangeHandler.java:377) ~[httpasyncclient-4.1.4.jar:4.1.4]
	at org.apache.http.impl.nio.client.DefaultClientExchangeHandlerImpl.start(DefaultClientExchangeHandlerImpl.java:129) ~[httpasyncclient-4.1.4.jar:4.1.4]
	at org.apache.http.impl.nio.client.InternalHttpAsyncClient.execute(InternalHttpAsyncClient.java:141) ~[httpasyncclient-4.1.4.jar:4.1.4]
	at org.apache.http.impl.nio.client.CloseableHttpAsyncClient.execute(CloseableHttpAsyncClient.java:75) ~[httpasyncclient-4.1.4.jar:4.1.4]
	at org.apache.http.impl.nio.client.CloseableHttpAsyncClient.execute(CloseableHttpAsyncClient.java:108) ~[httpasyncclient-4.1.4.jar:4.1.4]
	at org.apache.http.impl.nio.client.CloseableHttpAsyncClient.execute(CloseableHttpAsyncClient.java:92) ~[httpasyncclient-4.1.4.jar:4.1.4]
	at org.apache.jmeter.visualizers.backend.influxdb.HttpMetricsSender.writeAndSendMetrics(HttpMetricsSender.java:191) ~[ApacheJMeter_components.jar:5.2.1]
	at org.apache.jmeter.visualizers.backend.influxdb.HttpMetricsSender.writeAndSendMetrics(HttpMetricsSender.java:169) ~[ApacheJMeter_components.jar:5.2.1]
	at org.apache.jmeter.visualizers.backend.influxdb.InfluxdbBackendListenerClient.sendMetrics(InfluxdbBackendListenerClient.java:169) ~[ApacheJMeter_components.jar:5.2.1]
	at org.apache.jmeter.visualizers.backend.influxdb.InfluxdbBackendListenerClient.teardownTest(InfluxdbBackendListenerClient.java:417) ~[ApacheJMeter_components.jar:5.2.1]
	... 5 more
2020-01-20 16:01:49,195 INFO o.a.j.g.u.JMeterMenuBar: setRunning(false, *local*)
